  0%|          | 0/25 [00:00<?, ?it/s]LP: -10496714.5:   0%|          | 0/25 [00:00<?, ?it/s]LP: -10496714.5:   0%|          | 0/25 [00:04<?, ?it/s]LP: -10496714.5:   4%|▍         | 1/25 [00:04<01:50,  4.60s/it]LP: -9662280.8:   4%|▍         | 1/25 [00:09<01:50,  4.60s/it] LP: -9662280.8:   8%|▊         | 2/25 [00:09<01:45,  4.58s/it]LP: -9141142.7:   8%|▊         | 2/25 [00:13<01:45,  4.58s/it]LP: -9141142.7:  12%|█▏        | 3/25 [00:13<01:40,  4.58s/it]LP: -9058644.9:  12%|█▏        | 3/25 [00:17<01:40,  4.58s/it]LP: -9058644.9:  16%|█▌        | 4/25 [00:17<01:34,  4.49s/it]LP: -9042740.8:  16%|█▌        | 4/25 [00:22<01:34,  4.49s/it]LP: -9042740.8:  20%|██        | 5/25 [00:22<01:28,  4.42s/it]LP: -9036201.5:  20%|██        | 5/25 [00:26<01:28,  4.42s/it]LP: -9036201.5:  24%|██▍       | 6/25 [00:26<01:23,  4.38s/it]LP: -9032062.0:  24%|██▍       | 6/25 [00:30<01:23,  4.38s/it]LP: -9032062.0:  28%|██▊       | 7/25 [00:30<01:18,  4.34s/it]LP: -9028934.4:  28%|██▊       | 7/25 [00:35<01:18,  4.34s/it]LP: -9028934.4:  32%|███▏      | 8/25 [00:35<01:13,  4.32s/it]LP: -9026673.6:  32%|███▏      | 8/25 [00:39<01:13,  4.32s/it]LP: -9026673.6:  36%|███▌      | 9/25 [00:39<01:08,  4.31s/it]LP: -9024900.1:  36%|███▌      | 9/25 [00:43<01:08,  4.31s/it]LP: -9024900.1:  40%|████      | 10/25 [00:43<01:04,  4.30s/it]LP: -9023317.8:  40%|████      | 10/25 [00:47<01:04,  4.30s/it]LP: -9023317.8:  44%|████▍     | 11/25 [00:47<01:00,  4.29s/it]LP: -9021955.9:  44%|████▍     | 11/25 [00:52<01:00,  4.29s/it]LP: -9021955.9:  48%|████▊     | 12/25 [00:52<00:55,  4.29s/it]LP: -9020843.3:  48%|████▊     | 12/25 [00:56<00:55,  4.29s/it]LP: -9020843.3:  52%|█████▏    | 13/25 [00:56<00:51,  4.28s/it]LP: -9019935.5:  52%|█████▏    | 13/25 [01:00<00:51,  4.28s/it]LP: -9019935.5:  56%|█████▌    | 14/25 [01:00<00:47,  4.28s/it]LP: -9019212.5:  56%|█████▌    | 14/25 [01:04<00:47,  4.28s/it]LP: -9019212.5:  60%|██████    | 15/25 [01:04<00:42,  4.27s/it]LP: -9018657.6:  60%|██████    | 15/25 [01:09<00:42,  4.27s/it]LP: -9018657.6:  64%|██████▍   | 16/25 [01:09<00:38,  4.28s/it]LP: -9018176.9:  64%|██████▍   | 16/25 [01:13<00:38,  4.28s/it]LP: -9018176.9:  68%|██████▊   | 17/25 [01:13<00:34,  4.28s/it]LP: -9017733.7:  68%|██████▊   | 17/25 [01:17<00:34,  4.28s/it]LP: -9017733.7:  72%|███████▏  | 18/25 [01:17<00:29,  4.28s/it]LP: -9017312.0:  72%|███████▏  | 18/25 [01:22<00:29,  4.28s/it]LP: -9017312.0:  76%|███████▌  | 19/25 [01:22<00:25,  4.29s/it]LP: -9016930.0:  76%|███████▌  | 19/25 [01:26<00:25,  4.29s/it]LP: -9016930.0:  80%|████████  | 20/25 [01:26<00:21,  4.29s/it]LP: -9016585.1:  80%|████████  | 20/25 [01:30<00:21,  4.29s/it]LP: -9016585.1:  84%|████████▍ | 21/25 [01:30<00:17,  4.29s/it]LP: -9016274.6:  84%|████████▍ | 21/25 [01:34<00:17,  4.29s/it]LP: -9016274.6:  88%|████████▊ | 22/25 [01:34<00:12,  4.28s/it]LP: -9015996.5:  88%|████████▊ | 22/25 [01:39<00:12,  4.28s/it]LP: -9015996.5:  92%|█████████▏| 23/25 [01:39<00:08,  4.28s/it]LP: -9015769.4:  92%|█████████▏| 23/25 [01:43<00:08,  4.28s/it]LP: -9015769.4:  96%|█████████▌| 24/25 [01:43<00:04,  4.29s/it]LP: -9015582.2:  96%|█████████▌| 24/25 [01:47<00:04,  4.29s/it]LP: -9015582.2: 100%|██████████| 25/25 [01:47<00:00,  4.28s/it]
TypeError: expected dtype object, got 'numpy.dtype[float64]'

The above exception was the direct cause of the following exception:

Traceback (most recent call last):
  File "run_param_search.py", line 32, in <module>
    midway_run
  File "/dali/nicho/caleb/git/intermittent_control_project/code/python_switching_models/run_rslds.py", line 127, in run_rslds
    rslds_ll_analysis, latent_dim_state_range)
  File "/dali/nicho/caleb/git/intermittent_control_project/code/python_switching_models/rslds_cosmoothing.py", line 156, in rslds_cosmoothing
    initialize=False, num_iters=25)
  File "/dali/nicho/caleb/git/ssm/ssm/util.py", line 111, in wrapper
    return f(self, datas, inputs=inputs, masks=masks, tags=tags, **kwargs)
  File "/dali/nicho/caleb/git/ssm/ssm/lds.py", line 789, in fit
    variational_posterior, datas, inputs, masks, tags, method, **variational_posterior_kwargs)
  File "/dali/nicho/caleb/git/ssm/ssm/lds.py", line 725, in _make_variational_posterior
    posterior = _var_posteriors[variational_posterior](self, datas, inputs, masks, tags, **variational_posterior_kwargs)
  File "/dali/nicho/caleb/git/ssm/ssm/util.py", line 144, in wrapper
    return f(self, arg0, datas, inputs=inputs, masks=masks, tags=tags, **kwargs)
  File "/dali/nicho/caleb/git/ssm/ssm/variational.py", line 278, in __init__
    for data, input, mask, tag in zip(datas, inputs, masks, tags)]
  File "/dali/nicho/caleb/git/ssm/ssm/variational.py", line 321, in continuous_state_params
    for prms in self._continuous_state_params]
  File "/dali/nicho/caleb/git/ssm/ssm/variational.py", line 321, in <listcomp>
    for prms in self._continuous_state_params]
  File "/dali/nicho/caleb/git/ssm/ssm/messages.py", line 1219, in wrapper
    J_obs, h_obs, log_Z_obs, **kwargs)
  File "/dali/nicho/caleb/git/ssm/ssm/messages.py", line 1270, in kalman_info_smoother
    J_obs, h_obs, log_Z_obs)
SystemError: CPUDispatcher(<function _kalman_info_smoother at 0x7f9fbe162b00>) returned a result with an error set
